Traceback (most recent call last):
  File "/Library/Developer/CommandLineTools/Library/Frameworks/Python3.framework/Versions/3.9/lib/python3.9/runpy.py", line 197, in _run_module_as_main
    return _run_code(code, main_globals, None,
  File "/Library/Developer/CommandLineTools/Library/Frameworks/Python3.framework/Versions/3.9/lib/python3.9/runpy.py", line 87, in _run_code
    exec(code, run_globals)
  File "/Users/huayufei/马/数据产品/Port Operations API/portpulse/.venv/lib/python3.9/site-packages/uvicorn/__main__.py", line 4, in <module>
    uvicorn.main()
  File "/Users/huayufei/马/数据产品/Port Operations API/portpulse/.venv/lib/python3.9/site-packages/click/core.py", line 1161, in __call__
    return self.main(*args, **kwargs)
  File "/Users/huayufei/马/数据产品/Port Operations API/portpulse/.venv/lib/python3.9/site-packages/click/core.py", line 1082, in main
    rv = self.invoke(ctx)
  File "/Users/huayufei/马/数据产品/Port Operations API/portpulse/.venv/lib/python3.9/site-packages/click/core.py", line 1443, in invoke
    return ctx.invoke(self.callback, **ctx.params)
  File "/Users/huayufei/马/数据产品/Port Operations API/portpulse/.venv/lib/python3.9/site-packages/click/core.py", line 788, in invoke
    return __callback(*args, **kwargs)
  File "/Users/huayufei/马/数据产品/Port Operations API/portpulse/.venv/lib/python3.9/site-packages/uvicorn/main.py", line 413, in main
    run(
  File "/Users/huayufei/马/数据产品/Port Operations API/portpulse/.venv/lib/python3.9/site-packages/uvicorn/main.py", line 580, in run
    server.run()
  File "/Users/huayufei/马/数据产品/Port Operations API/portpulse/.venv/lib/python3.9/site-packages/uvicorn/server.py", line 67, in run
    return asyncio.run(self.serve(sockets=sockets))
  File "/Library/Developer/CommandLineTools/Library/Frameworks/Python3.framework/Versions/3.9/lib/python3.9/asyncio/runners.py", line 44, in run
    return loop.run_until_complete(main)
  File "uvloop/loop.pyx", line 1518, in uvloop.loop.Loop.run_until_complete
  File "/Users/huayufei/马/数据产品/Port Operations API/portpulse/.venv/lib/python3.9/site-packages/uvicorn/server.py", line 71, in serve
    await self._serve(sockets)
  File "/Users/huayufei/马/数据产品/Port Operations API/portpulse/.venv/lib/python3.9/site-packages/uvicorn/server.py", line 78, in _serve
    config.load()
  File "/Users/huayufei/马/数据产品/Port Operations API/portpulse/.venv/lib/python3.9/site-packages/uvicorn/config.py", line 436, in load
    self.loaded_app = import_from_string(self.app)
  File "/Users/huayufei/马/数据产品/Port Operations API/portpulse/.venv/lib/python3.9/site-packages/uvicorn/importer.py", line 19, in import_from_string
    module = importlib.import_module(module_str)
  File "/Library/Developer/CommandLineTools/Library/Frameworks/Python3.framework/Versions/3.9/lib/python3.9/importlib/__init__.py", line 127, in import_module
    return _bootstrap._gcd_import(name[level:], package, level)
  File "<frozen importlib._bootstrap>", line 1030, in _gcd_import
  File "<frozen importlib._bootstrap>", line 1007, in _find_and_load
  File "<frozen importlib._bootstrap>", line 986, in _find_and_load_unlocked
  File "<frozen importlib._bootstrap>", line 680, in _load_unlocked
  File "<frozen importlib._bootstrap_external>", line 850, in exec_module
  File "<frozen importlib._bootstrap>", line 228, in _call_with_frames_removed
  File "/Users/huayufei/马/数据产品/Port Operations API/portpulse/app/main.py", line 43, in <module>
    app = create_app()
  File "/Users/huayufei/马/数据产品/Port Operations API/portpulse/app/main.py", line 29, in create_app
    from app.routers import meta, ports
  File "/Users/huayufei/马/数据产品/Port Operations API/portpulse/app/routers/meta.py", line 2, in <module>
    router = APIRouter(tags=["meta"])
NameError: name 'APIRouter' is not defined
